0 info it worked if it ends with ok
1 verbose cli [ 'node', '/usr/local/bin/npm', 'install', 'supervisor', '-g' ]
2 info using npm@2.5.1
3 info using node@v0.12.0
4 silly cache add args [ 'supervisor', null ]
5 verbose cache add spec supervisor
6 silly cache add parsed spec { raw: 'supervisor',
6 silly cache add   scope: null,
6 silly cache add   name: 'supervisor',
6 silly cache add   rawSpec: '',
6 silly cache add   spec: '*',
6 silly cache add   type: 'range' }
7 verbose addNamed supervisor@*
8 silly addNamed semver.valid null
9 silly addNamed semver.validRange *
10 silly addNameRange { name: 'supervisor', range: '*', hasData: false }
11 silly mapToRegistry name supervisor
12 silly mapToRegistry using default registry
13 silly mapToRegistry registry https://registry.npmjs.org/
14 silly mapToRegistry uri https://registry.npmjs.org/supervisor
15 verbose addNameRange registry:https://registry.npmjs.org/supervisor not in flight; fetching
16 verbose request uri https://registry.npmjs.org/supervisor
17 verbose request no auth needed
18 info attempt registry request try #1 at 03:40:47
19 verbose request id 75e27bcbe3e411d5
20 verbose etag "4HMMTHLEEUZ3ICPDS1EHAG3Z8"
21 http request GET https://registry.npmjs.org/supervisor
22 http 304 https://registry.npmjs.org/supervisor
23 silly get cb [ 304,
23 silly get   { date: 'Fri, 15 May 2015 18:40:47 GMT',
23 silly get     via: '1.1 varnish',
23 silly get     'cache-control': 'max-age=60',
23 silly get     etag: '"4HMMTHLEEUZ3ICPDS1EHAG3Z8"',
23 silly get     age: '0',
23 silly get     connection: 'keep-alive',
23 silly get     'x-served-by': 'cache-nrt6135-NRT',
23 silly get     'x-cache': 'HIT',
23 silly get     'x-cache-hits': '1',
23 silly get     'x-timer': 'S1431715247.541457,VS0,VE733',
23 silly get     vary: 'Accept' } ]
24 verbose etag https://registry.npmjs.org/supervisor from cache
25 verbose get saving supervisor to /Users/ayoung/.npm/registry.npmjs.org/supervisor/.cache.json
26 silly addNameRange number 2 { name: 'supervisor', range: '*', hasData: true }
27 silly addNameRange versions [ 'supervisor',
27 silly addNameRange   [ '0.0.4',
27 silly addNameRange     '0.0.5',
27 silly addNameRange     '0.0.6',
27 silly addNameRange     '0.1.0',
27 silly addNameRange     '0.1.1',
27 silly addNameRange     '0.1.2',
27 silly addNameRange     '0.1.3',
27 silly addNameRange     '0.2.0',
27 silly addNameRange     '0.3.0',
27 silly addNameRange     '0.3.1',
27 silly addNameRange     '0.3.2',
27 silly addNameRange     '0.3.3',
27 silly addNameRange     '0.3.4',
27 silly addNameRange     '0.3.5',
27 silly addNameRange     '0.3.6',
27 silly addNameRange     '0.4.0',
27 silly addNameRange     '0.4.1',
27 silly addNameRange     '0.5.0',
27 silly addNameRange     '0.5.1',
27 silly addNameRange     '0.5.2',
27 silly addNameRange     '0.5.3',
27 silly addNameRange     '0.5.4',
27 silly addNameRange     '0.5.5',
27 silly addNameRange     '0.5.6',
27 silly addNameRange     '0.5.7',
27 silly addNameRange     '0.6.0' ] ]
28 verbose addNamed supervisor@0.6.0
29 silly addNamed semver.valid 0.6.0
30 silly addNamed semver.validRange 0.6.0
31 silly cache afterAdd supervisor@0.6.0
32 verbose afterAdd /Users/ayoung/.npm/supervisor/0.6.0/package/package.json not in flight; writing
33 verbose afterAdd /Users/ayoung/.npm/supervisor/0.6.0/package/package.json written
34 silly install resolved [ { name: 'supervisor',
34 silly install resolved     version: '0.6.0',
34 silly install resolved     description: 'A supervisor program for running nodejs programs',
34 silly install resolved     author: { name: 'Isaac Z. Schlueter', email: 'i@izs.me' },
34 silly install resolved     contributors:
34 silly install resolved      [ [Object],
34 silly install resolved        [Object],
34 silly install resolved        [Object],
34 silly install resolved        [Object],
34 silly install resolved        [Object],
34 silly install resolved        [Object],
34 silly install resolved        [Object],
34 silly install resolved        [Object],
34 silly install resolved        [Object],
34 silly install resolved        [Object],
34 silly install resolved        [Object],
34 silly install resolved        [Object],
34 silly install resolved        [Object],
34 silly install resolved        [Object],
34 silly install resolved        [Object],
34 silly install resolved        [Object],
34 silly install resolved        [Object],
34 silly install resolved        [Object],
34 silly install resolved        [Object],
34 silly install resolved        [Object],
34 silly install resolved        [Object],
34 silly install resolved        [Object],
34 silly install resolved        [Object],
34 silly install resolved        [Object],
34 silly install resolved        [Object],
34 silly install resolved        [Object] ],
34 silly install resolved     repository:
34 silly install resolved      { type: 'git',
34 silly install resolved        url: 'git://github.com/isaacs/node-supervisor.git' },
34 silly install resolved     bugs: { url: 'https://github.com/isaacs/node-supervisor/issues' },
34 silly install resolved     homepage: 'https://github.com/isaacs/node-supervisor/',
34 silly install resolved     main: 'lib/supervisor.js',
34 silly install resolved     bin:
34 silly install resolved      { 'node-supervisor': 'lib/cli-wrapper.js',
34 silly install resolved        supervisor: 'lib/cli-wrapper.js' },
34 silly install resolved     engines: { node: '>=0.6.0' },
34 silly install resolved     preferGlobal: true,
34 silly install resolved     _id: 'supervisor@0.6.0',
34 silly install resolved     dist:
34 silly install resolved      { shasum: 'c8b965be5ae31822685f176df1f178dd5d85c332',
34 silly install resolved        tarball: 'http://registry.npmjs.org/supervisor/-/supervisor-0.6.0.tgz' },
34 silly install resolved     _from: 'supervisor@*',
34 silly install resolved     _npmVersion: '1.4.3',
34 silly install resolved     _npmUser: { name: 'iangreenleaf', email: 'ian.greenleaf@gmail.com' },
34 silly install resolved     maintainers: [ [Object] ],
34 silly install resolved     directories: {},
34 silly install resolved     _shasum: 'c8b965be5ae31822685f176df1f178dd5d85c332',
34 silly install resolved     _resolved: 'https://registry.npmjs.org/supervisor/-/supervisor-0.6.0.tgz',
34 silly install resolved     readme: 'ERROR: No README data found!' } ]
35 info install supervisor@0.6.0 into /usr/local/lib
36 info installOne supervisor@0.6.0
37 verbose installOne of supervisor to /usr/local/lib not in flight; installing
38 verbose lock using /Users/ayoung/.npm/_locks/supervisor-1d502911d0840b8c.lock for /usr/local/lib/node_modules/supervisor
39 silly install write writing supervisor 0.6.0 to /usr/local/lib/node_modules/supervisor
40 silly cache addNamed cb supervisor@0.6.0
41 verbose unbuild lib/node_modules/supervisor
42 verbose gentlyRm vacuuming /usr/local/lib/node_modules/supervisor
43 verbose tar unpack /Users/ayoung/.npm/supervisor/0.6.0/package.tgz
44 verbose tar unpacking to /usr/local/lib/node_modules/supervisor
45 verbose gentlyRm vacuuming /usr/local/lib/node_modules/supervisor
46 silly gunzTarPerm modes [ '755', '644' ]
47 error tar.unpack untar error /Users/ayoung/.npm/supervisor/0.6.0/package.tgz
48 verbose unlock done using /Users/ayoung/.npm/_locks/supervisor-1d502911d0840b8c.lock for /usr/local/lib/node_modules/supervisor
49 verbose fstream_path /usr/local/lib/node_modules/supervisor
50 verbose fstream_type Directory
51 verbose fstream_class DirWriter
52 verbose stack Error: EACCES, mkdir '/usr/local/lib/node_modules/supervisor'
52 verbose stack     at Error (native)
53 verbose fstream_stack /usr/local/lib/node_modules/npm/node_modules/fstream/lib/dir-writer.js:36:23
53 verbose fstream_stack /usr/local/lib/node_modules/npm/node_modules/mkdirp/index.js:46:53
53 verbose fstream_stack FSReqWrap.oncomplete (fs.js:99:15)
54 verbose cwd /Users/ayoung/Documents/sGen/sgen_band
55 error Darwin 14.3.0
56 error argv "node" "/usr/local/bin/npm" "install" "supervisor" "-g"
57 error node v0.12.0
58 error npm  v2.5.1
59 error path /usr/local/lib/node_modules/supervisor
60 error code EACCES
61 error errno -13
62 error Error: EACCES, mkdir '/usr/local/lib/node_modules/supervisor'
62 error     at Error (native)
62 error  { [Error: EACCES, mkdir '/usr/local/lib/node_modules/supervisor']
62 error   errno: -13,
62 error   code: 'EACCES',
62 error   path: '/usr/local/lib/node_modules/supervisor',
62 error   fstream_type: 'Directory',
62 error   fstream_path: '/usr/local/lib/node_modules/supervisor',
62 error   fstream_class: 'DirWriter',
62 error   fstream_stack:
62 error    [ '/usr/local/lib/node_modules/npm/node_modules/fstream/lib/dir-writer.js:36:23',
62 error      '/usr/local/lib/node_modules/npm/node_modules/mkdirp/index.js:46:53',
62 error      'FSReqWrap.oncomplete (fs.js:99:15)' ] }
63 error Please try running this command again as root/Administrator.
64 verbose exit [ -13, true ]
65 verbose unbuild lib/node_modules/supervisor
66 verbose gentlyRm vacuuming /usr/local/lib/node_modules/supervisor
